<?xml version="1.0" encoding="UTF-8"?>
<!-- Generated by org.testng.reporters.JUnitXMLReporter -->
<testsuite ignored="3" hostname="hessam" failures="0" tests="1" name="Default test" time="24.475" errors="0" timestamp="2022-08-31T01:23:43 EET">
  <testcase classname="test_Package.TestClass" name="TestCase4" time="14.144"/>
  <testcase classname="test_Package.TestClass" name="TestCase3" time="0.0">
    <ignored/>
  </testcase> <!-- TestCase3 -->
  <testcase classname="test_Package.TestClass" name="TestCase1" time="0.0">
    <ignored/>
  </testcase> <!-- TestCase1 -->
  <testcase classname="test_Package.TestClass" name="TestCase2" time="0.0">
    <ignored/>
  </testcase> <!-- TestCase2 -->
</testsuite> <!-- Default test -->
