<?xml version="1.0" encoding="UTF-8"?>
<!-- Generated by org.testng.reporters.JUnitXMLReporter -->
<testsuite ignored="3" hostname="hessam" failures="0" tests="1" name="Default test" time="23.484" errors="0" timestamp="2022-08-31T00:45:23 EET">
  <testcase classname="test_Package.TestClass" name="TestCase3" time="14.295"/>
  <testcase classname="test_Package.TestClass" name="TestCase1" time="0.0">
    <ignored/>
  </testcase> <!-- TestCase1 -->
  <testcase classname="test_Package.TestClass" name="TestCase4" time="0.0">
    <ignored/>
  </testcase> <!-- TestCase4 -->
  <testcase classname="test_Package.TestClass" name="TestCase2" time="0.0">
    <ignored/>
  </testcase> <!-- TestCase2 -->
</testsuite> <!-- Default test -->
