<?xml version="1.0" encoding="UTF-8"?>
<testng-results ignored="3" total="4" passed="1" failed="0" skipped="0">
  <reporter-output>
  </reporter-output>
  <suite started-at="2022-08-29T15:23:11 EET" name="Default suite" finished-at="2022-08-29T15:23:39 EET" duration-ms="28038">
    <groups>
    </groups>
    <test started-at="2022-08-29T15:23:11 EET" name="Default test" finished-at="2022-08-29T15:23:39 EET" duration-ms="28038">
      <class name="TestPackage.TestClass">
        <test-method is-config="true" signature="readConfig()[pri:0, instance:TestPackage.TestClass@13e344d]" started-at="2022-08-29T15:23:11 EET" name="readConfig" finished-at="2022-08-29T15:23:11 EET" duration-ms="6" status="PASS">
          <reporter-output>
          </reporter-output>
        </test-method> <!-- readConfig -->
        <test-method is-config="true" signature="startDriver()[pri:0, instance:TestPackage.TestClass@13e344d]" started-at="2022-08-29T15:23:11 EET" name="startDriver" finished-at="2022-08-29T15:23:36 EET" duration-ms="25586" status="PASS">
          <reporter-output>
          </reporter-output>
        </test-method> <!-- startDriver -->
        <test-method signature="TestCase1(java.lang.String,java.lang.String,java.lang.String,java.lang.String,java.lang.String,java.lang.String)[pri:0, instance:TestPackage.TestClass@13e344d]" started-at="2022-08-29T15:23:37 EET" name="TestCase1" description="Invalid Email address format validation msg" data-provider="Data" finished-at="2022-08-29T15:23:38 EET" duration-ms="1296" status="PASS">
          <params>
            <param index="0">
              <value>
                <![CDATA[Yousra]]>
              </value>
            </param>
            <param index="1">
              <value>
                <![CDATA[test@test]]>
              </value>
            </param>
            <param index="2">
              <value>
                <![CDATA[subject_test]]>
              </value>
            </param>
            <param index="3">
              <value>
                <![CDATA[010-02901892]]>
              </value>
            </param>
            <param index="4">
              <value>
                <![CDATA[Msg_test]]>
              </value>
            </param>
            <param index="5">
              <value>
                <![CDATA[The e-mail address entered is invalid.]]>
              </value>
            </param>
          </params>
          <reporter-output>
          </reporter-output>
        </test-method> <!-- TestCase1 -->
        <test-method is-config="true" signature="stopDriver()[pri:0, instance:TestPackage.TestClass@13e344d]" started-at="2022-08-29T15:23:38 EET" name="stopDriver" finished-at="2022-08-29T15:23:39 EET" duration-ms="251" status="PASS">
          <reporter-output>
          </reporter-output>
        </test-method> <!-- stopDriver -->
      </class> <!-- TestPackage.TestClass -->
    </test> <!-- Default test -->
  </suite> <!-- Default suite -->
</testng-results>
